c:\users\user\desktop\swe20004\swe20004_project\swe20004_project\x64\debug\vc142.pdb
c:\users\user\desktop\swe20004\swe20004_project\swe20004_project\x64\debug\vc142.idb
c:\users\user\desktop\swe20004\swe20004_project\swe20004_project\x64\debug\main.obj
c:\users\user\desktop\swe20004\swe20004_project\swe20004_project\x64\debug\addcandidate.obj
c:\users\user\desktop\swe20004\swe20004_project\swe20004_project\x64\debug\votecandidate.obj
c:\users\user\desktop\swe20004\swe20004_project\x64\debug\swe20004_project.pdb
c:\users\user\desktop\swe20004\swe20004_project\swe20004_project\x64\debug\swe20004_project.tlog\cl.command.1.tlog
c:\users\user\desktop\swe20004\swe20004_project\swe20004_project\x64\debug\swe20004_project.tlog\cl.read.1.tlog
c:\users\user\desktop\swe20004\swe20004_project\swe20004_project\x64\debug\swe20004_project.tlog\cl.write.1.tlog
c:\users\user\desktop\swe20004\swe20004_project\swe20004_project\x64\debug\swe20004_project.tlog\link-cvtres.read.1.tlog
c:\users\user\desktop\swe20004\swe20004_project\swe20004_project\x64\debug\swe20004_project.tlog\link-cvtres.write.1.tlog
c:\users\user\desktop\swe20004\swe20004_project\swe20004_project\x64\debug\swe20004_project.tlog\link-rc.read.1.tlog
c:\users\user\desktop\swe20004\swe20004_project\swe20004_project\x64\debug\swe20004_project.tlog\link-rc.write.1.tlog
c:\users\user\desktop\swe20004\swe20004_project\swe20004_project\x64\debug\swe20004_project.tlog\link.11720-cvtres.read.1.tlog
c:\users\user\desktop\swe20004\swe20004_project\swe20004_project\x64\debug\swe20004_project.tlog\link.11720-cvtres.write.1.tlog
c:\users\user\desktop\swe20004\swe20004_project\swe20004_project\x64\debug\swe20004_project.tlog\link.11720-rc.read.1.tlog
c:\users\user\desktop\swe20004\swe20004_project\swe20004_project\x64\debug\swe20004_project.tlog\link.11720-rc.write.1.tlog
c:\users\user\desktop\swe20004\swe20004_project\swe20004_project\x64\debug\swe20004_project.tlog\link.11720.read.1.tlog
c:\users\user\desktop\swe20004\swe20004_project\swe20004_project\x64\debug\swe20004_project.tlog\link.11720.write.1.tlog
c:\users\user\desktop\swe20004\swe20004_project\swe20004_project\x64\debug\swe20004_project.tlog\link.command.1.tlog
c:\users\user\desktop\swe20004\swe20004_project\swe20004_project\x64\debug\swe20004_project.tlog\link.read.1.tlog
c:\users\user\desktop\swe20004\swe20004_project\swe20004_project\x64\debug\swe20004_project.tlog\link.write.1.tlog
